<?xml version="1.0" encoding="UTF-8"?>
<testsuite name="TestMatrixMathematics" tests="6" skipped="0" failures="0" errors="0" timestamp="2019-01-12T19:29:01" hostname="DESKTOP-5FV5S2T" time="0.011">
  <properties/>
  <testcase name="testDeterminant2" classname="TestMatrixMathematics" time="0.005"/>
  <testcase name="testDeterminant3" classname="TestMatrixMathematics" time="0.001"/>
  <testcase name="testDeterminant" classname="TestMatrixMathematics" time="0.0"/>
  <testcase name="testCofactor" classname="TestMatrixMathematics" time="0.004"/>
  <testcase name="testInverse" classname="TestMatrixMathematics" time="0.0"/>
  <testcase name="testTranspose" classname="TestMatrixMathematics" time="0.0"/>
  <system-out><![CDATA[]]></system-out>
  <system-err><![CDATA[]]></system-err>
</testsuite>
